env GO111MODULE=on go run build/ci.go install
>>> /home/ia/go1.14.3.linux-amd64/bin/go install -ldflags -X main.gitCommit=de608d3cb58d1fa8d0fa1396e7ff9497a594004f -X main.gitDate=20200611 -v ./...
github.com/ethereum/go-ethereum/core/rawdb
github.com/ethereum/go-ethereum/cmd/echaindb/cmd
github.com/ethereum/go-ethereum/core/state/snapshot
github.com/ethereum/go-ethereum/core
github.com/ethereum/go-ethereum/eth/filters
github.com/ethereum/go-ethereum/core/vm/runtime
github.com/ethereum/go-ethereum/light
github.com/ethereum/go-ethereum/eth/downloader
github.com/ethereum/go-ethereum/tests
github.com/ethereum/go-ethereum/internal/ethapi
github.com/ethereum/go-ethereum/node
github.com/ethereum/go-ethereum/accounts/abi/bind/backends
github.com/ethereum/go-ethereum/graphql
github.com/ethereum/go-ethereum/eth
github.com/ethereum/go-ethereum/les
github.com/ethereum/go-ethereum/cmd/utils
github.com/ethereum/go-ethereum/cmd/evm
github.com/ethereum/go-ethereum/cmd/geth
INFO [06-11|12:42:29.343] Starting Geth on Ethereum Classic... 
INFO [06-11|12:42:29.343] Bumping default cache on mainnet         provided=1024 updated=4096
INFO [06-11|12:42:29.345] Maximum peer count                       ETH=50 LES=0 total=50
INFO [06-11|12:42:29.345] Smartcard socket not found, disabling    err="stat /run/pcscd/pcscd.comm: no such file or directory"
INFO [06-11|12:42:29.367] Starting peer-to-peer node               instance=CoreGeth/v1.11.6-unstable-de608d3c-20200611/linux-amd64/go1.14.3
INFO [06-11|12:42:29.367] Allocated trie memory caches             clean=614.00MiB dirty=1024.00MiB
INFO [06-11|12:42:29.367] Allocated cache and file handles         database=/home/ia/SAMSUNG_T5/e/sandbox/remote-freezer-develop2/geth/chaindata cache=2.00GiB handles=524288
INFO [06-11|12:42:29.454] New remote freezer                       freezer=s3 namespace=coregeth-classic-parasail
INFO [06-11|12:42:29.455] New session                              remote=s3 region=0xc0001c0f40
INFO [06-11|12:42:29.455] Creating bucket if not exists            remote=s3 name=coregeth-classic-parasail
INFO [06-11|12:42:31.145] Bucket created                           remote=s3 name=coregeth-classic-parasail result="{\n  Location: \"/coregeth-classic-parasail\"\n}" elapsed=1.689986359s
INFO [06-11|12:42:31.145] Retrieving ancients number               remote=s3
INFO [06-11|12:42:31.488] Finished retrieving ancients num         remote=s3 n=694
INFO [06-11|12:42:31.488] Initializing cache                       remote=s3 n=694
INFO [06-11|12:42:32.530] Finished initializing cache              remote=s3
DEBUG[06-11|12:42:32.531] Current full block hash unavailable 
INFO [06-11|12:42:32.966] Persisted trie from memory database      nodes=12356 size=1.78MiB time=23.437927ms gcnodes=0 gcsize=0.00B gctime=0s livenodes=1 livesize=0.00B
INFO [06-11|12:42:33.108] Persisted trie from memory database      nodes=12356 size=1.78MiB time=39.811134ms gcnodes=0 gcsize=0.00B gctime=0s livenodes=1 livesize=0.00B
INFO [06-11|12:42:33.108] Initialised chain configuration          config="NetworkID: 1, ChainID: 61 Engine: ethash EIP1014: 9573000 EIP1052: 9573000 EIP1108: 10500839 EIP1344: 10500839 EIP140: 8772000 EIP145: 9573000 EIP150: 2500000 EIP152: 10500839 EIP155: 3000000 EIP160: 3000000 EIP161abc: 8772000 EIP161d: 8772000 EIP170: 8772000 EIP1884: 10500839 EIP198: 8772000 EIP2028: 10500839 EIP211: 8772000 EIP212: 8772000 EIP213: 8772000 EIP214: 8772000 EIP2200: 10500839 EIP658: 8772000 EIP7: 1150000 EthashECIP1010Continue: 5000000 EthashECIP1010Pause: 3000000 EthashECIP1017: 5000000 EthashECIP1041: 5900000 EthashEIP100B: 8772000 EthashEIP2: 1150000 EthashHomestead: 1150000 "
INFO [06-11|12:42:33.109] Disk storage enabled for ethash caches   dir=/home/ia/SAMSUNG_T5/e/sandbox/remote-freezer-develop2/geth/ethash count=3
INFO [06-11|12:42:33.109] Disk storage enabled for ethash DAGs     dir=/home/ia/.ethash count=2
INFO [06-11|12:42:33.109] Initialising Ethereum protocol           versions="[65 64 63]" network=1 dbversion=<nil>
WARN [06-11|12:42:33.109] Upgrade blockchain database version      from=<nil> to=7
INFO [06-11|12:42:34.232] Initializing database from freezer       total=694 number=96 hash="350565…951f80" elapsed=1.123s
INFO [06-11|12:42:42.348] Initializing database from freezer       total=694 number=608 hash="eaee5a…fcc55f" elapsed=9.239s
INFO [06-11|12:42:43.454] Initialized database from freezer        blocks=694 elapsed=10.344s
INFO [06-11|12:42:44.297] Loaded most recent local header          number=703 hash="b21120…2b8187" td=<nil> age=4y11mo1w
INFO [06-11|12:42:44.298] Loaded most recent local full block      number=0   hash="d4e567…cb8fa3" td=17179869184 age=51y2mo4d
INFO [06-11|12:42:44.298] Loaded most recent local fast block      number=703 hash="b21120…2b8187" td=<nil>       age=4y11mo1w
DEBUG[06-11|12:42:44.298] Reinjecting stale transactions           count=0
INFO [06-11|12:42:44.300] Regenerated local transaction journal    transactions=0 accounts=0
INFO [06-11|12:42:44.353] Allocated fast sync bloom                size=1.60GiB
INFO [06-11|12:42:44.465] New local node record                    seq=1 id=3fc96be4af23cb8b ip=127.0.0.1 udp=30303 tcp=30303
INFO [06-11|12:42:44.466] Started P2P networking                   self=enode://8bd169ae2a89af5b2e23ca911895cbe47330ee5e08290ae5e1c6a0a28d06dca7ff276ed7983586b5ee49967e29536b04f725b7961d5c187feee34e75791b4215@127.0.0.1:30303
INFO [06-11|12:42:44.467] IPC endpoint opened                      url=/home/ia/.ethereum/geth.ipc
INFO [06-11|12:42:44.481] Mapped network port                      proto=tcp extport=30303 intport=30303 interface=NAT-PMP(192.168.0.1)
INFO [06-11|12:42:44.495] Mapped network port                      proto=udp extport=30303 intport=30303 interface=NAT-PMP(192.168.0.1)
INFO [06-11|12:42:44.596] Initialized fast sync bloom              items=12356 errorrate=0.000 elapsed=242.779ms
INFO [06-11|12:42:45.168] New local node record                    seq=2 id=3fc96be4af23cb8b ip=24.207.216.46 udp=30303 tcp=30303
INFO [06-11|12:42:45.810] Indexing transactions                    blocks=33  txs=0 tail=661 total=694 elapsed=1.512s
INFO [06-11|12:42:53.880] Indexing transactions                    blocks=215 txs=0 tail=479 total=694 elapsed=9.582s
INFO [06-11|12:42:54.466] Block synchronisation started 
INFO [06-11|12:43:01.984] Indexing transactions                    blocks=535 txs=0 tail=159 total=694 elapsed=17.685s
INFO [06-11|12:43:06.732] Indexed transactions                     blocks=694 txs=0 tail=0   elapsed=22.433s
panic: runtime error: invalid memory address or nil pointer dereference
[signal SIGSEGV: segmentation violation code=0x1 addr=0x1c0 pc=0xbff832]

goroutine 687 [running]:
github.com/ethereum/go-ethereum/core.(*HeaderChain).SetCurrentHeader(0xc000134510, 0x0)
	/home/ia/go/src/github.com/ethereum/go-ethereum/core/headerchain.go:492 +0xa2
github.com/ethereum/go-ethereum/core.(*BlockChain).Rollback(0xc0247c6000, 0xc022538000, 0x29, 0x40)
	/home/ia/go/src/github.com/ethereum/go-ethereum/core/blockchain.go:982 +0x36a
github.com/ethereum/go-ethereum/eth/downloader.(*Downloader).syncWithPeer(0xc0251ca1c0, 0xc022e60690, 0x91edc0648829b3ec, 0xbf8ada6a3892f7af, 0x5ee3946aadcfa735, 0x37e63e98f2681acb, 0xc0211f1d80, 0x0, 0x0)
	/home/ia/go/src/github.com/ethereum/go-ethereum/eth/downloader/downloader.go:530 +0x6d6
github.com/ethereum/go-ethereum/eth/downloader.(*Downloader).synchronise(0xc0251ca1c0, 0xc0255bd670, 0x10, 0x91edc0648829b3ec, 0xbf8ada6a3892f7af, 0x5ee3946aadcfa735, 0x37e63e98f2681acb, 0xc0211f1d80, 0x1, 0x0, ...)
	/home/ia/go/src/github.com/ethereum/go-ethereum/eth/downloader/downloader.go:428 +0x36c
github.com/ethereum/go-ethereum/eth/downloader.(*Downloader).Synchronise(0xc0251ca1c0, 0xc0255bd670, 0x10, 0x91edc0648829b3ec, 0xbf8ada6a3892f7af, 0x5ee3946aadcfa735, 0x37e63e98f2681acb, 0xc0211f1d80, 0x1, 0x3000200000001, ...)
	/home/ia/go/src/github.com/ethereum/go-ethereum/eth/downloader/downloader.go:325 +0x91
github.com/ethereum/go-ethereum/eth.(*ProtocolManager).doSync(0xc024decc00, 0xc020fdfc00, 0x15da790, 0xc00012a000)
	/home/ia/go/src/github.com/ethereum/go-ethereum/eth/sync.go:312 +0xa2
github.com/ethereum/go-ethereum/eth.(*chainSyncer).startSync.func1(0xc0231403c0, 0xc020fdfc00)
	/home/ia/go/src/github.com/ethereum/go-ethereum/eth/sync.go:288 +0x38
created by github.com/ethereum/go-ethereum/eth.(*chainSyncer).startSync
	/home/ia/go/src/github.com/ethereum/go-ethereum/eth/sync.go:288 +0x7a
